[2025-08-13 18:01:21] ğŸ”„ ĞÑ‚ĞºÑ€Ñ‹Ğ²Ğ°ĞµĞ¼ ÑĞ°Ğ¹Ñ‚...
[2025-08-13 18:01:27] ğŸ”„ ĞŸĞµÑ€ĞµÑ…Ğ¾Ğ´Ğ¸Ğ¼ Ğ½Ğ° ÑÑ‚Ñ€Ğ°Ğ½Ğ¸Ñ†Ñƒ Ñ€ĞµĞ³Ğ¸ÑÑ‚Ñ€Ğ°Ñ†Ğ¸Ğ¸...
[2025-08-13 18:01:28] ğŸ”„ Ğ—Ğ°Ğ¿Ğ¾Ğ»Ğ½ÑĞµĞ¼ Ñ„Ğ¾Ñ€Ğ¼Ñƒ Ñ€ĞµĞ³Ğ¸ÑÑ‚Ñ€Ğ°Ñ†Ğ¸Ğ¸...
[2025-08-13 18:01:29] ğŸ”„ Ğ¡Ñ‚Ğ°Ğ²Ğ¸Ğ¼ Ğ³Ğ°Ğ»Ğ¾Ñ‡ĞºÑƒ ÑĞ¾Ğ³Ğ»Ğ°ÑĞ¸Ñ...
[2025-08-13 18:01:29] ğŸ”„ ĞÑ‚Ğ¿Ñ€Ğ°Ğ²Ğ»ÑĞµĞ¼ Ñ„Ğ¾Ñ€Ğ¼Ñƒ...
[2025-08-13 18:01:29] ğŸ” ĞŸÑ€Ğ¾Ğ²ĞµÑ€ÑĞµĞ¼ Ñ€ĞµĞ·ÑƒĞ»ÑŒÑ‚Ğ°Ñ‚...
[2025-08-13 18:01:40] âŒ ĞÑˆĞ¸Ğ±ĞºĞ° Ğ¿Ñ€Ğ¸ Ñ‚ĞµÑÑ‚Ğµ: Message: 

[2025-08-13 18:01:40] ğŸ“¸ Ğ”ĞµĞ»Ğ°ĞµĞ¼ ÑĞºÑ€Ğ¸Ğ½ÑˆĞ¾Ñ‚ Ğ¾ÑˆĞ¸Ğ±ĞºĞ¸...
[2025-08-13 18:01:40] ğŸ” Ğ”ĞµÑ‚Ğ°Ğ»Ğ¸ Ğ¾ÑˆĞ¸Ğ±ĞºĞ¸:
[2025-08-13 18:01:40] Traceback (most recent call last):
  File "C:\Users\hp\PycharmProjects\testAiPradavan\tests\auth\test_registration.py", line 52, in <module>
    WebDriverWait(driver, 10).until(
  File "C:\Users\hp\PycharmProjects\testAiPradavan\venv\Lib\site-packages\selenium\webdriver\support\wait.py", line 138, in until
    raise TimeoutException(message, screen, stacktrace)
selenium.common.exceptions.TimeoutException: Message: 


[2025-08-13 18:01:44] ğŸ›‘ Ğ¢ĞµÑÑ‚ Ğ·Ğ°Ğ²ĞµÑ€ÑˆĞµĞ½
